This is pdfTeX, Version 3.141592653-2.6-1.40.27 (TeX Live 2025/Homebrew) (preloaded format=pdflatex 2025.3.15)  6 MAR 2026 18:53
entering extended mode
 restricted \write18 enabled.
 file:line:error style messages enabled.
 %&-line parsing enabled.
**/Users/houyilong/GitHub/HAL-MLE-DE-AOS/hal_mle_aos.tex
(/Users/houyilong/GitHub/HAL-MLE-DE-AOS/hal_mle_aos.tex
LaTeX2e <2024-11-01> patch level 2
L3 programming layer <2025-01-18>
(./imsart.cls
Document Class: imsart 2022/04/21 driver class for package imsart.sty
(/opt/homebrew/Cellar/texlive/20250308_1/share/texmf-dist/tex/latex/base/article.cls
Document Class: article 2024/06/29 v1.4n Standard LaTeX document class
(/opt/homebrew/Cellar/texlive/20250308_1/share/texmf-dist/tex/latex/base/leqno.clo
File: leqno.clo 2016/12/29 v1.2b Standard LaTeX option (left equation numbers)
) (/opt/homebrew/Cellar/texlive/20250308_1/share/texmf-dist/tex/latex/base/size11.clo
File: size11.clo 2024/06/29 v1.4n Standard LaTeX file (size option)
)
\c@part=\count196
\c@section=\count197
\c@subsection=\count198
\c@subsubsection=\count199
\c@paragraph=\count266
\c@subparagraph=\count267
\c@figure=\count268
\c@table=\count269
\abovecaptionskip=\skip49
\belowcaptionskip=\skip50
\bibindent=\dimen141
) (./imsart.sty
File: imsart.sty 2025/07/23 IMS article style
 (/opt/homebrew/Cellar/texlive/20250308_1/share/texmf-dist/tex/latex/etoolbox/etoolbox.sty
Package: etoolbox 2025/02/11 v2.5l e-TeX tools for LaTeX (JAW)
\etb@tempcnta=\count270
)
No file imsart.cnf.
(/opt/homebrew/Cellar/texlive/20250308_1/share/texmf-dist/tex/latex/base/leqno.clo
File: leqno.clo 2016/12/29 v1.2b Standard LaTeX option (left equation numbers)
)
\c@firstpage=\count271
\c@lastpage=\count272
\c@thanks=\count273
\c@addressref=\count274
 (/opt/homebrew/Cellar/texlive/20250308_1/share/texmf-dist/tex/latex/graphics/keyval.sty
Package: keyval 2022/05/29 v1.15 key=value parser (DPC)
\KV@toks@=\toks17
)
\c@emailref=\count275
 (/opt/homebrew/Cellar/texlive/20250308_1/share/texmf-dist/tex/generic/iftex/ifpdf.sty
Package: ifpdf 2019/10/25 v3.4 ifpdf legacy package. Use iftex instead.
 (/opt/homebrew/Cellar/texlive/20250308_1/share/texmf-dist/tex/generic/iftex/iftex.sty
Package: iftex 2024/12/12 v1.0g TeX engine tests
))
\tablewidth=\dimen142
\c@tabnote=\count276
\tabnotestoks=\toks18
\c@author=\count277
\c@address=\count278
\sv@mathsurround=\dimen143
\sv@parindent=\dimen144
\fm@box=\box52
\fm@size=\dimen145
\t@xtheight=\dimen146
\abstract@box=\box53
\keyword@box=\box54
\pre@kwd@depth=\dimen147
\keyword@toks=\toks19
 (/opt/homebrew/Cellar/texlive/20250308_1/share/texmf-dist/tex/latex/base/fontenc.sty
Package: fontenc 2021/04/29 v2.0v Standard LaTeX package
) (/opt/homebrew/Cellar/texlive/20250308_1/share/texmf-dist/tex/latex/psnfss/times.sty
Package: times 2020/03/25 PSNFSS-v9.3 (SPQR) 
) (/opt/homebrew/Cellar/texlive/20250308_1/share/texmf-dist/tex/latex/psnfss/helvet.sty
Package: helvet 2020/03/25 PSNFSS-v9.3 (WaS) 
) (/opt/homebrew/Cellar/texlive/20250308_1/share/texmf-dist/tex/latex/base/textcomp.sty
Package: textcomp 2024/04/24 v2.1b Standard LaTeX package
) (/opt/homebrew/Cellar/texlive/20250308_1/share/texmf-dist/tex/latex/textcase/textcase.sty
Package: textcase 2025/02/16 v1.05 Text only upper/lower case changing (DPC)
Package textcase Info: Defining Legacy names on input line 20.
)
LaTeX Font Info:    Trying to load font information for T1+ptm on input line 3049.
 (/opt/homebrew/Cellar/texlive/20250308_1/share/texmf-dist/tex/latex/psnfss/t1ptm.fd
File: t1ptm.fd 2001/06/04 font definitions for T1/ptm.
)
\c@longlist=\count279
\mathindent=\skip51
\authors@list=\toks20
\keywords@list=\toks21
 (/opt/homebrew/Cellar/texlive/20250308_1/share/texmf-dist/tex/latex/amscls/amsthm.sty
Package: amsthm 2020/05/29 v2.20.6
\thm@style=\toks22
\thm@bodyfont=\toks23
\thm@headfont=\toks24
\thm@notefont=\toks25
\thm@headpunct=\toks26
\thm@preskip=\skip52
\thm@postskip=\skip53
\thm@headsep=\skip54
\dth@everypar=\toks27
)
No file imsart-aos.cnf.
No file imsart-vtex.cnf.
)) (/opt/homebrew/Cellar/texlive/20250308_1/share/texmf-dist/tex/latex/amsmath/amsmath.sty
Package: amsmath 2024/11/05 v2.17t AMS math features
\@mathmargin=\skip55

For additional information on amsmath, use the `?' option.
(/opt/homebrew/Cellar/texlive/20250308_1/share/texmf-dist/tex/latex/amsmath/amstext.sty
Package: amstext 2021/08/26 v2.01 AMS text
 (/opt/homebrew/Cellar/texlive/20250308_1/share/texmf-dist/tex/latex/amsmath/amsgen.sty
File: amsgen.sty 1999/11/30 v2.0 generic functions
\@emptytoks=\toks28
\ex@=\dimen148
)) (/opt/homebrew/Cellar/texlive/20250308_1/share/texmf-dist/tex/latex/amsmath/amsbsy.sty
Package: amsbsy 1999/11/29 v1.2d Bold Symbols
\pmbraise@=\dimen149
) (/opt/homebrew/Cellar/texlive/20250308_1/share/texmf-dist/tex/latex/amsmath/amsopn.sty
Package: amsopn 2022/04/08 v2.04 operator names
)
\inf@bad=\count280
LaTeX Info: Redefining \frac on input line 233.
\uproot@=\count281
\leftroot@=\count282
LaTeX Info: Redefining \overline on input line 398.
LaTeX Info: Redefining \colon on input line 409.
\classnum@=\count283
\DOTSCASE@=\count284
LaTeX Info: Redefining \ldots on input line 495.
LaTeX Info: Redefining \dots on input line 498.
LaTeX Info: Redefining \cdots on input line 619.
\Mathstrutbox@=\box55
\strutbox@=\box56
LaTeX Info: Redefining \big on input line 721.
LaTeX Info: Redefining \Big on input line 722.
LaTeX Info: Redefining \bigg on input line 723.
LaTeX Info: Redefining \Bigg on input line 724.
\big@size=\dimen150
LaTeX Font Info:    Redeclaring font encoding OML on input line 742.
LaTeX Font Info:    Redeclaring font encoding OMS on input line 743.
\macc@depth=\count285
LaTeX Info: Redefining \bmod on input line 904.
LaTeX Info: Redefining \pmod on input line 909.
LaTeX Info: Redefining \smash on input line 939.
LaTeX Info: Redefining \relbar on input line 969.
LaTeX Info: Redefining \Relbar on input line 970.
\c@MaxMatrixCols=\count286
\dotsspace@=\muskip17
\c@parentequation=\count287
\dspbrk@lvl=\count288
\tag@help=\toks29
\row@=\count289
\column@=\count290
\maxfields@=\count291
\andhelp@=\toks30
\eqnshift@=\dimen151
\alignsep@=\dimen152
\tagshift@=\dimen153
\tagwidth@=\dimen154
\totwidth@=\dimen155
\lineht@=\dimen156
\@envbody=\toks31
\multlinegap=\skip56
\multlinetaggap=\skip57
\mathdisplay@stack=\toks32
LaTeX Info: Redefining \[ on input line 2953.
LaTeX Info: Redefining \] on input line 2954.
) (/opt/homebrew/Cellar/texlive/20250308_1/share/texmf-dist/tex/latex/amsfonts/amsfonts.sty
Package: amsfonts 2013/01/14 v3.01 Basic AMSFonts support
\symAMSa=\mathgroup4
\symAMSb=\mathgroup5
LaTeX Font Info:    Redeclaring math symbol \hbar on input line 98.
LaTeX Font Info:    Overwriting math alphabet `\mathfrak' in version `bold'
(Font)                  U/euf/m/n --> U/euf/b/n on input line 106.
) (/opt/homebrew/Cellar/texlive/20250308_1/share/texmf-dist/tex/latex/amsfonts/amssymb.sty
Package: amssymb 2013/01/14 v3.01 AMS font symbols
) (/opt/homebrew/Cellar/texlive/20250308_1/share/texmf-dist/tex/latex/natbib/natbib.sty
Package: natbib 2010/09/13 8.31b (PWD, AO)
\bibhang=\skip58
\bibsep=\skip59
LaTeX Info: Redefining \cite on input line 694.
\c@NAT@ctr=\count292
) (/opt/homebrew/Cellar/texlive/20250308_1/share/texmf-dist/tex/latex/hyperref/hyperref.sty
Package: hyperref 2024-11-05 v7.01l Hypertext links for LaTeX
 (/opt/homebrew/Cellar/texlive/20250308_1/share/texmf-dist/tex/latex/kvsetkeys/kvsetkeys.sty
Package: kvsetkeys 2022-10-05 v1.19 Key value parser (HO)
) (/opt/homebrew/Cellar/texlive/20250308_1/share/texmf-dist/tex/generic/kvdefinekeys/kvdefinekeys.sty
Package: kvdefinekeys 2019-12-19 v1.6 Define keys (HO)
) (/opt/homebrew/Cellar/texlive/20250308_1/share/texmf-dist/tex/generic/pdfescape/pdfescape.sty
Package: pdfescape 2019/12/09 v1.15 Implements pdfTeX's escape features (HO)
 (/opt/homebrew/Cellar/texlive/20250308_1/share/texmf-dist/tex/generic/ltxcmds/ltxcmds.sty
Package: ltxcmds 2023-12-04 v1.26 LaTeX kernel commands for general use (HO)
) (/opt/homebrew/Cellar/texlive/20250308_1/share/texmf-dist/tex/generic/pdftexcmds/pdftexcmds.sty
Package: pdftexcmds 2020-06-27 v0.33 Utility functions of pdfTeX for LuaTeX (HO)
 (/opt/homebrew/Cellar/texlive/20250308_1/share/texmf-dist/tex/generic/infwarerr/infwarerr.sty
Package: infwarerr 2019/12/03 v1.5 Providing info/warning/error messages (HO)
)
Package pdftexcmds Info: \pdf@primitive is available.
Package pdftexcmds Info: \pdf@ifprimitive is available.
Package pdftexcmds Info: \pdfdraftmode found.
)) (/opt/homebrew/Cellar/texlive/20250308_1/share/texmf-dist/tex/latex/hycolor/hycolor.sty
Package: hycolor 2020-01-27 v1.10 Color options for hyperref/bookmark (HO)
) (/opt/homebrew/Cellar/texlive/20250308_1/share/texmf-dist/tex/latex/hyperref/nameref.sty
Package: nameref 2023-11-26 v2.56 Cross-referencing by name of section
 (/opt/homebrew/Cellar/texlive/20250308_1/share/texmf-dist/tex/latex/refcount/refcount.sty
Package: refcount 2019/12/15 v3.6 Data extraction from label references (HO)
) (/opt/homebrew/Cellar/texlive/20250308_1/share/texmf-dist/tex/generic/gettitlestring/gettitlestring.sty
Package: gettitlestring 2019/12/15 v1.6 Cleanup title references (HO)
 (/opt/homebrew/Cellar/texlive/20250308_1/share/texmf-dist/tex/latex/kvoptions/kvoptions.sty
Package: kvoptions 2022-06-15 v3.15 Key value format for package options (HO)
))
\c@section@level=\count293
) (/opt/homebrew/Cellar/texlive/20250308_1/share/texmf-dist/tex/generic/stringenc/stringenc.sty
Package: stringenc 2019/11/29 v1.12 Convert strings between diff. encodings (HO)
)
\@linkdim=\dimen157
\Hy@linkcounter=\count294
\Hy@pagecounter=\count295
 (/opt/homebrew/Cellar/texlive/20250308_1/share/texmf-dist/tex/latex/hyperref/pd1enc.def
File: pd1enc.def 2024-11-05 v7.01l Hyperref: PDFDocEncoding definition (HO)
Now handling font encoding PD1 ...
... no UTF-8 mapping file for font encoding PD1
) (/opt/homebrew/Cellar/texlive/20250308_1/share/texmf-dist/tex/generic/intcalc/intcalc.sty
Package: intcalc 2019/12/15 v1.3 Expandable calculations with integers (HO)
)
\Hy@SavedSpaceFactor=\count296
 (/opt/homebrew/Cellar/texlive/20250308_1/share/texmf-dist/tex/latex/hyperref/puenc.def
File: puenc.def 2024-11-05 v7.01l Hyperref: PDF Unicode definition (HO)
Now handling font encoding PU ...
... no UTF-8 mapping file for font encoding PU
)
Package hyperref Info: Option `colorlinks' set `true' on input line 4040.
Package hyperref Info: Option `linktocpage' set `true' on input line 4040.
Package hyperref Info: Option `colorlinks' set `true' on input line 4040.
Package hyperref Info: Hyper figures OFF on input line 4157.
Package hyperref Info: Link nesting OFF on input line 4162.
Package hyperref Info: Hyper index ON on input line 4165.
Package hyperref Info: Plain pages OFF on input line 4172.
Package hyperref Info: Backreferencing OFF on input line 4177.
Package hyperref Info: Implicit mode ON; LaTeX internals redefined.
Package hyperref Info: Bookmarks ON on input line 4424.
\c@Hy@tempcnt=\count297
 (/opt/homebrew/Cellar/texlive/20250308_1/share/texmf-dist/tex/latex/url/url.sty
\Urlmuskip=\muskip18
Package: url 2013/09/16  ver 3.4  Verb mode for urls, etc.
)
LaTeX Info: Redefining \url on input line 4763.
\XeTeXLinkMargin=\dimen158
 (/opt/homebrew/Cellar/texlive/20250308_1/share/texmf-dist/tex/generic/bitset/bitset.sty
Package: bitset 2019/12/09 v1.3 Handle bit-vector datatype (HO)
 (/opt/homebrew/Cellar/texlive/20250308_1/share/texmf-dist/tex/generic/bigintcalc/bigintcalc.sty
Package: bigintcalc 2019/12/15 v1.5 Expandable calculations on big integers (HO)
))
\Fld@menulength=\count298
\Field@Width=\dimen159
\Fld@charsize=\dimen160
Package hyperref Info: Hyper figures OFF on input line 6042.
Package hyperref Info: Link nesting OFF on input line 6047.
Package hyperref Info: Hyper index ON on input line 6050.
Package hyperref Info: backreferencing OFF on input line 6057.
Package hyperref Info: Link coloring ON on input line 6060.
Package hyperref Info: Link coloring with OCG OFF on input line 6067.
Package hyperref Info: PDF/A mode OFF on input line 6072.
 (/opt/homebrew/Cellar/texlive/20250308_1/share/texmf-dist/tex/latex/base/atbegshi-ltx.sty
Package: atbegshi-ltx 2021/01/10 v1.0c Emulation of the original atbegshi
package with kernel methods
)
\Hy@abspage=\count299
\c@Item=\count300
\c@Hfootnote=\count301
)
Package hyperref Info: Driver (autodetected): hpdftex.
 (/opt/homebrew/Cellar/texlive/20250308_1/share/texmf-dist/tex/latex/hyperref/hpdftex.def
File: hpdftex.def 2024-11-05 v7.01l Hyperref driver for pdfTeX
 (/opt/homebrew/Cellar/texlive/20250308_1/share/texmf-dist/tex/latex/base/atveryend-ltx.sty
Package: atveryend-ltx 2020/08/19 v1.0a Emulation of the original atveryend package
with kernel methods
)
\Fld@listcount=\count302
\c@bookmark@seq@number=\count303
 (/opt/homebrew/Cellar/texlive/20250308_1/share/texmf-dist/tex/latex/rerunfilecheck/rerunfilecheck.sty
Package: rerunfilecheck 2022-07-10 v1.10 Rerun checks for auxiliary files (HO)
 (/opt/homebrew/Cellar/texlive/20250308_1/share/texmf-dist/tex/generic/uniquecounter/uniquecounter.sty
Package: uniquecounter 2019/12/15 v1.4 Provide unlimited unique counter (HO)
)
Package uniquecounter Info: New unique counter `rerunfilecheck' on input line 285.
)
\Hy@SectionHShift=\skip60
) (/opt/homebrew/Cellar/texlive/20250308_1/share/texmf-dist/tex/latex/graphics/graphicx.sty
Package: graphicx 2021/09/16 v1.2d Enhanced LaTeX Graphics (DPC,SPQR)
 (/opt/homebrew/Cellar/texlive/20250308_1/share/texmf-dist/tex/latex/graphics/graphics.sty
Package: graphics 2024/08/06 v1.4g Standard LaTeX Graphics (DPC,SPQR)
 (/opt/homebrew/Cellar/texlive/20250308_1/share/texmf-dist/tex/latex/graphics/trig.sty
Package: trig 2023/12/02 v1.11 sin cos tan (DPC)
) (/opt/homebrew/Cellar/texlive/20250308_1/share/texmf-dist/tex/latex/graphics-cfg/graphics.cfg
File: graphics.cfg 2016/06/04 v1.11 sample graphics configuration
)
Package graphics Info: Driver file: pdftex.def on input line 106.
 (/opt/homebrew/Cellar/texlive/20250308_1/share/texmf-dist/tex/latex/graphics-def/pdftex.def
File: pdftex.def 2024/04/13 v1.2c Graphics/color driver for pdftex
))
\Gin@req@height=\dimen161
\Gin@req@width=\dimen162
) (/opt/homebrew/Cellar/texlive/20250308_1/share/texmf-dist/tex/latex/booktabs/booktabs.sty
Package: booktabs 2020/01/12 v1.61803398 Publication quality tables
\heavyrulewidth=\dimen163
\lightrulewidth=\dimen164
\cmidrulewidth=\dimen165
\belowrulesep=\dimen166
\belowbottomsep=\dimen167
\aboverulesep=\dimen168
\abovetopsep=\dimen169
\cmidrulesep=\dimen170
\cmidrulekern=\dimen171
\defaultaddspace=\dimen172
\@cmidla=\count304
\@cmidlb=\count305
\@aboverulesep=\dimen173
\@belowrulesep=\dimen174
\@thisruleclass=\count306
\@lastruleclass=\count307
\@thisrulewidth=\dimen175
) (/opt/homebrew/Cellar/texlive/20250308_1/share/texmf-dist/tex/latex/units/nicefrac.sty
Package: nicefrac 1998/08/04 v0.9b Nice fractions
\L@UnitsRaiseDisplaystyle=\skip61
\L@UnitsRaiseTextstyle=\skip62
\L@UnitsRaiseScriptstyle=\skip63
 (/opt/homebrew/Cellar/texlive/20250308_1/share/texmf-dist/tex/latex/base/ifthen.sty
Package: ifthen 2024/03/16 v1.1e Standard LaTeX ifthen package (DPC)
)) (/opt/homebrew/Cellar/texlive/20250308_1/share/texmf-dist/tex/latex/microtype/microtype.sty
Package: microtype 2025/02/11 v3.2a Micro-typographical refinements (RS)
\MT@toks=\toks33
\MT@tempbox=\box57
\MT@count=\count308
LaTeX Info: Redefining \noprotrusionifhmode on input line 1087.
LaTeX Info: Redefining \leftprotrusion on input line 1088.
\MT@prot@toks=\toks34
LaTeX Info: Redefining \rightprotrusion on input line 1107.
LaTeX Info: Redefining \textls on input line 1449.
\MT@outer@kern=\dimen176
LaTeX Info: Redefining \microtypecontext on input line 2053.
LaTeX Info: Redefining \textmicrotypecontext on input line 2070.
\MT@listname@count=\count309
 (/opt/homebrew/Cellar/texlive/20250308_1/share/texmf-dist/tex/latex/microtype/microtype-pdftex.def
File: microtype-pdftex.def 2025/02/11 v3.2a Definitions specific to pdftex (RS)
LaTeX Info: Redefining \lsstyle on input line 944.
LaTeX Info: Redefining \lslig on input line 944.
\MT@outer@space=\skip64
)
Package microtype Info: Loading configuration file microtype.cfg.
 (/opt/homebrew/Cellar/texlive/20250308_1/share/texmf-dist/tex/latex/microtype/microtype.cfg
File: microtype.cfg 2025/02/11 v3.2a microtype main configuration file (RS)
)
LaTeX Info: Redefining \microtypesetup on input line 3065.
) (/opt/homebrew/Cellar/texlive/20250308_1/share/texmf-dist/tex/latex/xcolor/xcolor.sty
Package: xcolor 2024/09/29 v3.02 LaTeX color extensions (UK)
 (/opt/homebrew/Cellar/texlive/20250308_1/share/texmf-dist/tex/latex/graphics-cfg/color.cfg
File: color.cfg 2016/01/02 v1.6 sample color configuration
)
Package xcolor Info: Driver file: pdftex.def on input line 274.
 (/opt/homebrew/Cellar/texlive/20250308_1/share/texmf-dist/tex/latex/graphics/mathcolor.ltx)
Package xcolor Info: Model `cmy' substituted by `cmy0' on input line 1349.
Package xcolor Info: Model `hsb' substituted by `rgb' on input line 1353.
Package xcolor Info: Model `RGB' extended on input line 1365.
Package xcolor Info: Model `HTML' substituted by `rgb' on input line 1367.
Package xcolor Info: Model `Hsb' substituted by `hsb' on input line 1368.
Package xcolor Info: Model `tHsb' substituted by `hsb' on input line 1369.
Package xcolor Info: Model `HSB' substituted by `hsb' on input line 1370.
Package xcolor Info: Model `Gray' substituted by `gray' on input line 1371.
Package xcolor Info: Model `wave' substituted by `hsb' on input line 1372.
) (/opt/homebrew/Cellar/texlive/20250308_1/share/texmf-dist/tex/latex/cleveref/cleveref.sty
Package: cleveref 2018/03/27 v0.21.4 Intelligent cross-referencing
Package cleveref Info: `hyperref' support loaded on input line 2370.
LaTeX Info: Redefining \cref on input line 2370.
LaTeX Info: Redefining \Cref on input line 2370.
LaTeX Info: Redefining \crefrange on input line 2370.
LaTeX Info: Redefining \Crefrange on input line 2370.
LaTeX Info: Redefining \cpageref on input line 2370.
LaTeX Info: Redefining \Cpageref on input line 2370.
LaTeX Info: Redefining \cpagerefrange on input line 2370.
LaTeX Info: Redefining \Cpagerefrange on input line 2370.
LaTeX Info: Redefining \labelcref on input line 2370.
LaTeX Info: Redefining \labelcpageref on input line 2370.
Package cleveref Info: `amsthm' support loaded on input line 3026.
) (/opt/homebrew/Cellar/texlive/20250308_1/share/texmf-dist/tex/latex/comment/comment.sty
\CommentStream=\write3
 Excluding comment 'comment') (/opt/homebrew/Cellar/texlive/20250308_1/share/texmf-dist/tex/latex/float/float.sty
Package: float 2001/11/08 v1.3d Float enhancements (AL)
\c@float@type=\count310
\float@exts=\toks35
\float@box=\box58
\@float@everytoks=\toks36
\@floatcapt=\box59
) (/opt/homebrew/Cellar/texlive/20250308_1/share/texmf-dist/tex/latex/multirow/multirow.sty
Package: multirow 2024/11/12 v2.9 Span multiple rows of a table
\multirow@colwidth=\skip65
\multirow@cntb=\count311
\multirow@dima=\skip66
\bigstrutjot=\dimen177
) (/opt/homebrew/Cellar/texlive/20250308_1/share/texmf-dist/tex/latex/threeparttable/threeparttable.sty
Package: threeparttable 2003/06/13  v 3.0
\@tempboxb=\box60
) (/opt/homebrew/Cellar/texlive/20250308_1/share/texmf-dist/tex/latex/algorithms/algorithm.sty
Package: algorithm 2009/08/24 v0.1 Document Style `algorithm' - floating environment
\@float@every@algorithm=\toks37
\c@algorithm=\count312
) (/opt/homebrew/Cellar/texlive/20250308_1/share/texmf-dist/tex/latex/algorithmicx/algpseudocode.sty
Package: algpseudocode 
 (/opt/homebrew/Cellar/texlive/20250308_1/share/texmf-dist/tex/latex/algorithmicx/algorithmicx.sty
Package: algorithmicx 2005/04/27 v1.2 Algorithmicx

Document Style algorithmicx 1.2 - a greatly improved `algorithmic' style
\c@ALG@line=\count313
\c@ALG@rem=\count314
\c@ALG@nested=\count315
\ALG@tlm=\skip67
\ALG@thistlm=\skip68
\c@ALG@Lnr=\count316
\c@ALG@blocknr=\count317
\c@ALG@storecount=\count318
\c@ALG@tmpcounter=\count319
\ALG@tmplength=\skip69
)
Document Style - pseudocode environments for use with the `algorithmicx' style
) (/opt/homebrew/Cellar/texlive/20250308_1/share/texmf-dist/tex/latex/grffile/grffile.sty
Package: grffile 2019/11/11 v2.1 Extended file name support for graphics (legacy)
Package grffile Info: This package is an empty stub for compatibility on input line 40.
) (/opt/homebrew/Cellar/texlive/20250308_1/share/texmf-dist/tex/latex/wrapfig/wrapfig.sty
\wrapoverhang=\dimen178
\WF@size=\dimen179
\c@WF@wrappedlines=\count320
\WF@box=\box61
\WF@everypar=\toks38
Package: wrapfig 2003/01/31  v 3.6
)
\c@theorem=\count321
 (./template/symbols.tex) (/opt/homebrew/Cellar/texlive/20250308_1/share/texmf-dist/tex/latex/l3backend/l3backend-pdftex.def
File: l3backend-pdftex.def 2024-05-08 L3 backend support: PDF output (pdfTeX)
\l__color_backend_stack_int=\count322
\l__pdf_internal_box=\box62
) (./hal_mle_aos.aux)
\openout1 = `hal_mle_aos.aux'.

LaTeX Font Info:    Checking defaults for OML/cmm/m/it on input line 83.
LaTeX Font Info:    ... okay on input line 83.
LaTeX Font Info:    Checking defaults for OMS/cmsy/m/n on input line 83.
LaTeX Font Info:    ... okay on input line 83.
LaTeX Font Info:    Checking defaults for OT1/cmr/m/n on input line 83.
LaTeX Font Info:    ... okay on input line 83.
LaTeX Font Info:    Checking defaults for T1/cmr/m/n on input line 83.
LaTeX Font Info:    ... okay on input line 83.
LaTeX Font Info:    Checking defaults for TS1/cmr/m/n on input line 83.
LaTeX Font Info:    ... okay on input line 83.
LaTeX Font Info:    Checking defaults for OMX/cmex/m/n on input line 83.
LaTeX Font Info:    ... okay on input line 83.
LaTeX Font Info:    Checking defaults for U/cmr/m/n on input line 83.
LaTeX Font Info:    ... okay on input line 83.
LaTeX Font Info:    Checking defaults for PD1/pdf/m/n on input line 83.
LaTeX Font Info:    ... okay on input line 83.
LaTeX Font Info:    Checking defaults for PU/pdf/m/n on input line 83.
LaTeX Font Info:    ... okay on input line 83.
Package hyperref Info: Link coloring ON on input line 83.
 (./hal_mle_aos.out) (./hal_mle_aos.out)
\@outlinefile=\write4
\openout4 = `hal_mle_aos.out'.

 (/opt/homebrew/Cellar/texlive/20250308_1/share/texmf-dist/tex/context/base/mkii/supp-pdf.mkii
[Loading MPS to PDF converter (version 2006.09.02).]
\scratchcounter=\count323
\scratchdimen=\dimen180
\scratchbox=\box63
\nofMPsegments=\count324
\nofMParguments=\count325
\everyMPshowfont=\toks39
\MPscratchCnt=\count326
\MPscratchDim=\dimen181
\MPnumerator=\count327
\makeMPintoPDFobject=\count328
\everyMPtoPDFconversion=\toks40
) (/opt/homebrew/Cellar/texlive/20250308_1/share/texmf-dist/tex/latex/epstopdf-pkg/epstopdf-base.sty
Package: epstopdf-base 2020-01-24 v2.11 Base part for package epstopdf
Package epstopdf-base Info: Redefining graphics rule for `.eps' on input line 485.
 (/opt/homebrew/Cellar/texlive/20250308_1/share/texmf-dist/tex/latex/latexconfig/epstopdf-sys.cfg
File: epstopdf-sys.cfg 2010/07/13 v1.3 Configuration of (r)epstopdf for TeX Live
))
LaTeX Info: Redefining \microtypecontext on input line 83.
Package microtype Info: Applying patch `item' on input line 83.
Package microtype Info: Applying patch `toc' on input line 83.
Package microtype Info: Applying patch `eqnum' on input line 83.
Package microtype Info: Applying patch `footnote' on input line 83.
Package microtype Info: Applying patch `verbatim' on input line 83.
LaTeX Info: Redefining \microtypesetup on input line 83.
Package microtype Info: Generating PDF output.
Package microtype Info: Character protrusion enabled (level 2).
Package microtype Info: Using default protrusion set `alltext'.
Package microtype Info: Automatic font expansion enabled (level 2),
(microtype)             stretch: 20, shrink: 20, step: 1, non-selected.
Package microtype Info: Using default expansion set `alltext-nott'.
LaTeX Info: Redefining \showhyphens on input line 83.
Package microtype Info: No adjustment of tracking.
Package microtype Info: No adjustment of interword spacing.
Package microtype Info: No adjustment of character kerning.
 (/opt/homebrew/Cellar/texlive/20250308_1/share/texmf-dist/tex/latex/microtype/mt-ptm.cfg
File: mt-ptm.cfg 2006/04/20 v1.7 microtype config. file: Times (RS)
)
LaTeX Font Info:    Calculating math sizes for size <11> on input line 87.
 (/opt/homebrew/Cellar/texlive/20250308_1/share/texmf-dist/tex/latex/microtype/mt-cmr.cfg
File: mt-cmr.cfg 2013/05/19 v2.2 microtype config. file: Computer Modern Roman (RS)
)

LaTeX Font Warning: Font shape `OT1/cmr/m/n' in size <5.5> not available
(Font)              size <5> substituted on input line 87.


LaTeX Font Warning: Font shape `OML/cmm/m/it' in size <5.5> not available
(Font)              size <5> substituted on input line 87.


LaTeX Font Warning: Font shape `OMS/cmsy/m/n' in size <5.5> not available
(Font)              size <5> substituted on input line 87.

LaTeX Font Info:    Trying to load font information for U+msa on input line 87.
(/opt/homebrew/Cellar/texlive/20250308_1/share/texmf-dist/tex/latex/amsfonts/umsa.fd
File: umsa.fd 2013/01/14 v3.01 AMS symbols A
) (/opt/homebrew/Cellar/texlive/20250308_1/share/texmf-dist/tex/latex/microtype/mt-msa.cfg
File: mt-msa.cfg 2006/02/04 v1.1 microtype config. file: AMS symbols (a) (RS)
)
LaTeX Font Info:    Trying to load font information for U+msb on input line 87.
 (/opt/homebrew/Cellar/texlive/20250308_1/share/texmf-dist/tex/latex/amsfonts/umsb.fd
File: umsb.fd 2013/01/14 v3.01 AMS symbols B
) (/opt/homebrew/Cellar/texlive/20250308_1/share/texmf-dist/tex/latex/microtype/mt-msb.cfg
File: mt-msb.cfg 2005/06/01 v1.0 microtype config. file: AMS symbols (b) (RS)
)
LaTeX Font Info:    Font shape `T1/ptm/m/scit' in size <8> not available
(Font)              Font shape `T1/ptm/m/sc' tried instead on input line 97.
 (./main/00_intro.tex

[1{/opt/homebrew/Cellar/texlive/20250308_1/share/texmf-dist/fonts/map/pdftex/updmap/pdftex.map}{/opt/homebrew/Cellar/texlive/20250308_1/share/texmf-dist/fonts/enc/dvips/base/8r.enc}

]) (./main/01_HAL.tex

[2]

[3]

[4]
Overfull \hbox (14.24335pt too wide) detected at line 110
[]
 []

) (./main/02_HAL_MLE.tex

[5]
LaTeX Font Info:    Trying to load font information for TS1+ptm on input line 24.
 (/opt/homebrew/Cellar/texlive/20250308_1/share/texmf-dist/tex/latex/psnfss/ts1ptm.fd
File: ts1ptm.fd 2001/06/04 font definitions for TS1/ptm.
)

[6]
LaTeX Font Info:    Trying to load font information for T1+pcr on input line 57.
 (/opt/homebrew/Cellar/texlive/20250308_1/share/texmf-dist/tex/latex/psnfss/t1pcr.fd
File: t1pcr.fd 2001/06/04 font definitions for T1/pcr.
)
Package microtype Info: Loading generic protrusion settings for font family
(microtype)             `pcr' (encoding: T1).
(microtype)             For optimal results, create family-specific settings.
(microtype)             See the microtype manual for details.


[7]

[8]

[9]

[10]
Overfull \hbox (3.60204pt too wide) in paragraph at lines 203--208
\OMS/cmsy/m/n/10.95 h\OML/cmm/m/it/10.95 f; g\OMS/cmsy/m/n/10.95 i[]$\T1/ptm/m/n/11 (-20) . We de-fine a nor-mal-ized score vec-tor at $\OML/cmm/m/it/10.95 x$ \T1/ptm/m/n/11 (-20) by $[]\OT1/cmr/m/n/10.95 (\OML/cmm/m/it/10.95 X\OT1/cmr/m/n/10.95 ) \OMS/cmsy/m/n/10.95 ^^Q \OML/cmm/m/it/10.95 J[] [][] ^^^[]\OT1/cmr/m/n/10.95 (\OML/cmm/m/it/10.95 x\OT1/cmr/m/n/10.95 )\OML/cmm/m/it/10.95 ^^^[]\OT1/cmr/m/n/10.95 (\OML/cmm/m/it/10.95 X\OT1/cmr/m/n/10.95 )$\T1/ptm/m/n/11 (-20) .
 []



[11]

[12]

[13]) (./main/03_HAL_TMLE.tex

[14]
Overfull \hbox (20.44514pt too wide) detected at line 50
\OML/cmm/m/it/10.95 R\OT1/cmr/m/n/10.95 (\OML/cmm/m/it/10.95 P[]; P[]\OT1/cmr/m/n/10.95 ) \OMS/cmsy/m/n/10.95 ^^Q \OT1/cmr/m/n/10.95 	(\OML/cmm/m/it/10.95 P[]\OT1/cmr/m/n/10.95 ) \OMS/cmsy/m/n/10.95 ^^@ \OT1/cmr/m/n/10.95 	(\OML/cmm/m/it/10.95 P[]\OT1/cmr/m/n/10.95 ) + \OML/cmm/m/it/10.95 P[]D[] \OT1/cmr/m/n/10.95 = \OML/cmm/m/it/10.95 S[]\OT1/cmr/m/n/10.95 (\OML/cmm/m/it/10.95 x[]\OT1/cmr/m/n/10.95 ) \OMS/cmsy/m/n/10.95 ^^@ \OML/cmm/m/it/10.95 S[]\OT1/cmr/m/n/10.95 (\OML/cmm/m/it/10.95 x[]\OT1/cmr/m/n/10.95 ) + \OML/cmm/m/it/10.95 P[]\OT1/cmr/m/n/10.95 (\OML/cmm/m/it/10.95 I\OT1/cmr/m/n/10.95 (\OML/cmm/m/it/10.95 x > x[]\OT1/cmr/m/n/10.95 ) \OMS/cmsy/m/n/10.95 ^^@ \OML/cmm/m/it/10.95 P[]\OT1/cmr/m/n/10.95 (\OML/cmm/m/it/10.95 x > x[]\OT1/cmr/m/n/10.95 )) = 0\OML/cmm/m/it/10.95 :
 []



[15]

[16]) (./main/05_simulation.tex
<resources/simulation_dgp.png, id=539, 867.24pt x 433.62pt>
File: resources/simulation_dgp.png Graphic file (type png)
<use resources/simulation_dgp.png>
Package pdftex.def Info: resources/simulation_dgp.png  used on input line 9.
(pdftex.def)             Requested size: 365.39752pt x 182.7014pt.
LaTeX Font Info:    Font shape `T1/ptm/m/scit' in size <9> not available
(Font)              Font shape `T1/ptm/m/sc' tried instead on input line 10.


[17]
<resources/density_uniform_convergence/uniform_convergence_truncatednormal_cvxpy_log.png, id=554, 281.3712pt x 173.9298pt>
File: resources/density_uniform_convergence/uniform_convergence_truncatednormal_cvxpy_log.png Graphic file (type png)
<use resources/density_uniform_convergence/uniform_convergence_truncatednormal_cvxpy_log.png>
Package pdftex.def Info: resources/density_uniform_convergence/uniform_convergence_truncatednormal_cvxpy_log.png  used on input line 22.
(pdftex.def)             Requested size: 129.92297pt x 80.31387pt.
<resources/density_uniform_convergence/uniform_convergence_truncatedgmmsymmetricthree_cvxpy_log.png, id=555, 281.3712pt x 173.9298pt>
File: resources/density_uniform_convergence/uniform_convergence_truncatedgmmsymmetricthree_cvxpy_log.png Graphic file (type png)
<use resources/density_uniform_convergence/uniform_convergence_truncatedgmmsymmetricthree_cvxpy_log.png>
Package pdftex.def Info: resources/density_uniform_convergence/uniform_convergence_truncatedgmmsymmetricthree_cvxpy_log.png  used on input line 24.
(pdftex.def)             Requested size: 129.92297pt x 80.31387pt.
<resources/density_uniform_convergence/uniform_convergence_truncatedgmmasymmetricthree_cvxpy_log.png, id=556, 281.3712pt x 173.9298pt>
File: resources/density_uniform_convergence/uniform_convergence_truncatedgmmasymmetricthree_cvxpy_log.png Graphic file (type png)
<use resources/density_uniform_convergence/uniform_convergence_truncatedgmmasymmetricthree_cvxpy_log.png>
Package pdftex.def Info: resources/density_uniform_convergence/uniform_convergence_truncatedgmmasymmetricthree_cvxpy_log.png  used on input line 26.
(pdftex.def)             Requested size: 129.92297pt x 80.31387pt.
<resources/density_uniform_convergence/uniform_convergence_truncatedgmmfivespikes_cvxpy_log.png, id=557, 281.6121pt x 173.9298pt>
File: resources/density_uniform_convergence/uniform_convergence_truncatedgmmfivespikes_cvxpy_log.png Graphic file (type png)
<use resources/density_uniform_convergence/uniform_convergence_truncatedgmmfivespikes_cvxpy_log.png>
Package pdftex.def Info: resources/density_uniform_convergence/uniform_convergence_truncatedgmmfivespikes_cvxpy_log.png  used on input line 30.
(pdftex.def)             Requested size: 129.92297pt x 80.24222pt.
<resources/density_uniform_convergence/uniform_convergence_stepfunction_cvxpy_log.png, id=558, 281.3712pt x 173.9298pt>
File: resources/density_uniform_convergence/uniform_convergence_stepfunction_cvxpy_log.png Graphic file (type png)
<use resources/density_uniform_convergence/uniform_convergence_stepfunction_cvxpy_log.png>
Package pdftex.def Info: resources/density_uniform_convergence/uniform_convergence_stepfunction_cvxpy_log.png  used on input line 32.
(pdftex.def)             Requested size: 129.92297pt x 80.31387pt.
<resources/density_uniform_convergence/uniform_convergence_sinusoidal_cvxpy_log.png, id=559, 281.3712pt x 173.9298pt>
File: resources/density_uniform_convergence/uniform_convergence_sinusoidal_cvxpy_log.png Graphic file (type png)
<use resources/density_uniform_convergence/uniform_convergence_sinusoidal_cvxpy_log.png>
Package pdftex.def Info: resources/density_uniform_convergence/uniform_convergence_sinusoidal_cvxpy_log.png  used on input line 34.
(pdftex.def)             Requested size: 129.92297pt x 80.31387pt.
 (./resources/density_uniform_convergence/uniform_convergence_scaling_table.tex)

[18
pdfTeX warning (ext4): destination with the same identifier (name{figure.1}) has been already used, duplicate ignored
<argument> ...shipout:D \box_use:N \l_shipout_box 
                                                  \__shipout_drop_firstpage_...
l.43 
     
pdfTeX warning (ext4): destination with the same identifier (name{figure.2}) has been already used, duplicate ignored
<argument> ...shipout:D \box_use:N \l_shipout_box 
                                                  \__shipout_drop_firstpage_...
l.43 
      <./resources/simulation_dgp.png> <./resources/density_uniform_convergence/uniform_convergence_truncatednormal_cvxpy_log.png> <./resources/density_uniform_convergence/uniform_convergence_truncatedgmmsymmetricthree_cvxpy_log.png> <./resources/density_uniform_convergence/uniform_convergence_truncatedgmmasymmetricthree_cvxpy_log.png> <./resources/density_uniform_convergence/uniform_convergence_truncatedgmmfivespikes_cvxpy_log.png> <./resources/density_uniform_convergence/uniform_convergence_stepfunction_cvxpy_log.png> <./resources/density_uniform_convergence/uniform_convergence_sinusoidal_cvxpy_log.png>] (./resources/density_asymptotic_normality_and_var_est/coverage_analysis_table.tex)

[19
pdfTeX warning (ext4): destination with the same identifier (name{table.1}) has been already used, duplicate ignored
<argument> ...shipout:D \box_use:N \l_shipout_box 
                                                  \__shipout_drop_firstpage_...
l.67 
     
pdfTeX warning (ext4): destination with the same identifier (name{table.2}) has been already used, duplicate ignored
<argument> ...shipout:D \box_use:N \l_shipout_box 
                                                  \__shipout_drop_firstpage_...
l.67 
     ]
<resources/density_asymptotic_efficiency/TruncatedGMMAsymmetricThree/efficiency_comparison.png, id=590, 715.2321pt x 443.0151pt>
File: resources/density_asymptotic_efficiency/TruncatedGMMAsymmetricThree/efficiency_comparison.png Graphic file (type png)
<use resources/density_asymptotic_efficiency/TruncatedGMMAsymmetricThree/efficiency_comparison.png>
Package pdftex.def Info: resources/density_asymptotic_efficiency/TruncatedGMMAsymmetricThree/efficiency_comparison.png  used on input line 70.
(pdftex.def)             Requested size: 406.0pt x 251.48021pt.


[20
pdfTeX warning (ext4): destination with the same identifier (name{figure.3}) has been already used, duplicate ignored
<argument> ...shipout:D \box_use:N \l_shipout_box 
                                                  \__shipout_drop_firstpage_...
l.79 \subsection
                {Comparison with Existing Methods} \label{subsec:comparative... <./resources/density_asymptotic_efficiency/TruncatedGMMAsymmetricThree/efficiency_comparison.png>]
<resources/density_bias_variance_mse_analysis/methods_compare_mse_across_dgps_N800.png, id=605, 719.5683pt x 389.7762pt>
File: resources/density_bias_variance_mse_analysis/methods_compare_mse_across_dgps_N800.png Graphic file (type png)
<use resources/density_bias_variance_mse_analysis/methods_compare_mse_across_dgps_N800.png>
Package pdftex.def Info: resources/density_bias_variance_mse_analysis/methods_compare_mse_across_dgps_N800.png  used on input line 86.
(pdftex.def)             Requested size: 406.0pt x 219.92062pt.
) (./main/06_case_study.tex

[21
pdfTeX warning (ext4): destination with the same identifier (name{figure.4}) has been already used, duplicate ignored
<argument> ...shipout:D \box_use:N \l_shipout_box 
                                                  \__shipout_drop_firstpage_...
l.1 \section
            {Case Study}\label{sec:case-study} <./resources/density_bias_variance_mse_analysis/methods_compare_mse_across_dgps_N800.png>]
<resources/case_study/bootstrap_vs_delta_method_variance_estimation.png, id=626, 722.7pt x 361.35pt>
File: resources/case_study/bootstrap_vs_delta_method_variance_estimation.png Graphic file (type png)
<use resources/case_study/bootstrap_vs_delta_method_variance_estimation.png>
Package pdftex.def Info: resources/case_study/bootstrap_vs_delta_method_variance_estimation.png  used on input line 12.
(pdftex.def)             Requested size: 365.39752pt x 182.6981pt.
<resources/case_study/hal_mle_vs_hal_tmle_for_mean.png, id=630, 860.013pt x 280.8894pt>
File: resources/case_study/hal_mle_vs_hal_tmle_for_mean.png Graphic file (type png)
<use resources/case_study/hal_mle_vs_hal_tmle_for_mean.png>
Package pdftex.def Info: resources/case_study/hal_mle_vs_hal_tmle_for_mean.png  used on input line 23.
(pdftex.def)             Requested size: 365.39752pt x 119.33998pt.


[22
pdfTeX warning (ext4): destination with the same identifier (name{figure.5}) has been already used, duplicate ignored
<argument> ...shipout:D \box_use:N \l_shipout_box 
                                                  \__shipout_drop_firstpage_...
l.26 \end{figure}
                  <./resources/case_study/bootstrap_vs_delta_method_variance_estimation.png>]
<resources/case_study/hal_mle_vs_hal_tmle_for_median.png, id=641, 860.013pt x 280.8894pt>
File: resources/case_study/hal_mle_vs_hal_tmle_for_median.png Graphic file (type png)
<use resources/case_study/hal_mle_vs_hal_tmle_for_median.png>
Package pdftex.def Info: resources/case_study/hal_mle_vs_hal_tmle_for_median.png  used on input line 30.
(pdftex.def)             Requested size: 365.39752pt x 119.33998pt.
<resources/case_study/hal_mle_vs_hal_tmle_for_survival.png, id=642, 867.24pt x 289.08pt>
File: resources/case_study/hal_mle_vs_hal_tmle_for_survival.png Graphic file (type png)
<use resources/case_study/hal_mle_vs_hal_tmle_for_survival.png>
Package pdftex.def Info: resources/case_study/hal_mle_vs_hal_tmle_for_survival.png  used on input line 37.
(pdftex.def)             Requested size: 365.39752pt x 121.80093pt.
)

[23
pdfTeX warning (ext4): destination with the same identifier (name{figure.6}) has been already used, duplicate ignored
<argument> ...shipout:D \box_use:N \l_shipout_box 
                                                  \__shipout_drop_firstpage_...
l.137 \section
              {Discussion} \label{sec:discussion}
pdfTeX warning (ext4): destination with the same identifier (name{figure.7}) has been already used, duplicate ignored
<argument> ...shipout:D \box_use:N \l_shipout_box 
                                                  \__shipout_drop_firstpage_...
l.137 \section
              {Discussion} \label{sec:discussion}
pdfTeX warning (ext4): destination with the same identifier (name{figure.8}) has been already used, duplicate ignored
<argument> ...shipout:D \box_use:N \l_shipout_box 
                                                  \__shipout_drop_firstpage_...
l.137 \section
              {Discussion} \label{sec:discussion} <./resources/case_study/hal_mle_vs_hal_tmle_for_mean.png> <./resources/case_study/hal_mle_vs_hal_tmle_for_median.png> <./resources/case_study/hal_mle_vs_hal_tmle_for_survival.png>] (./hal_mle_aos.bbl

[24])

[25] (./hal_mle_aos.aux)
 ***********
LaTeX2e <2024-11-01> patch level 2
L3 programming layer <2025-01-18>
 ***********


LaTeX Font Warning: Size substitutions with differences
(Font)              up to 2.25pt have occurred.

Package rerunfilecheck Info: File `hal_mle_aos.out' has not changed.
(rerunfilecheck)             Checksum: 9ADAF7F2A7893F0E30350BC52A0BFCEB;8137.
 ) 
Here is how much of TeX's memory you used:
 18034 strings out of 473190
 303832 string characters out of 5704335
 722912 words of memory out of 5000000
 40304 multiletter control sequences out of 15000+600000
 662146 words of font info for 463 fonts, out of 8000000 for 9000
 1141 hyphenation exceptions out of 8191
 75i,13n,79p,1931b,648s stack positions out of 10000i,1000n,20000p,200000b,200000s
</opt/homebrew/Cellar/texlive/20250308_1/share/texmf-dist/fonts/type1/public/amsfonts/cm/cmex10.pfb></opt/homebrew/Cellar/texlive/20250308_1/share/texmf-dist/fonts/type1/public/amsfonts/cm/cmmi10.pfb></opt/homebrew/Cellar/texlive/20250308_1/share/texmf-dist/fonts/type1/public/amsfonts/cm/cmmi5.pfb></opt/homebrew/Cellar/texlive/20250308_1/share/texmf-dist/fonts/type1/public/amsfonts/cm/cmmi8.pfb></opt/homebrew/Cellar/texlive/20250308_1/share/texmf-dist/fonts/type1/public/amsfonts/cm/cmmi9.pfb></opt/homebrew/Cellar/texlive/20250308_1/share/texmf-dist/fonts/type1/public/amsfonts/cm/cmr10.pfb></opt/homebrew/Cellar/texlive/20250308_1/share/texmf-dist/fonts/type1/public/amsfonts/cm/cmr5.pfb></opt/homebrew/Cellar/texlive/20250308_1/share/texmf-dist/fonts/type1/public/amsfonts/cm/cmr8.pfb></opt/homebrew/Cellar/texlive/20250308_1/share/texmf-dist/fonts/type1/public/amsfonts/cm/cmr9.pfb></opt/homebrew/Cellar/texlive/20250308_1/share/texmf-dist/fonts/type1/public/amsfonts/cm/cmsy10.pfb></opt/homebrew/Cellar/texlive/20250308_1/share/texmf-dist/fonts/type1/public/amsfonts/cm/cmsy5.pfb></opt/homebrew/Cellar/texlive/20250308_1/share/texmf-dist/fonts/type1/public/amsfonts/cm/cmsy8.pfb></opt/homebrew/Cellar/texlive/20250308_1/share/texmf-dist/fonts/type1/public/amsfonts/cm/cmsy9.pfb></opt/homebrew/Cellar/texlive/20250308_1/share/texmf-dist/fonts/type1/public/amsfonts/symbols/msbm10.pfb></opt/homebrew/Cellar/texlive/20250308_1/share/texmf-dist/fonts/type1/urw/courier/ucrr8a.pfb></opt/homebrew/Cellar/texlive/20250308_1/share/texmf-dist/fonts/type1/urw/times/utmb8a.pfb></opt/homebrew/Cellar/texlive/20250308_1/share/texmf-dist/fonts/type1/urw/times/utmr8a.pfb></opt/homebrew/Cellar/texlive/20250308_1/share/texmf-dist/fonts/type1/urw/times/utmri8a.pfb>
Output written on hal_mle_aos.pdf (25 pages, 2666097 bytes).
PDF statistics:
 780 PDF objects out of 1000 (max. 8388607)
 684 compressed objects within 7 object streams
 172 named destinations out of 1000 (max. 500000)
 82306 words of extra memory for PDF output out of 89155 (max. 10000000)

