\BOOKMARK [1][-]{section.1}{\376\377\000I\000n\000t\000r\000o\000d\000u\000c\000t\000i\000o\000n}{}% 1
\BOOKMARK [1][-]{section.2}{\376\377\000T\000h\000e\000\040\000H\000i\000g\000h\000l\000y\000\040\000A\000d\000a\000p\000t\000i\000v\000e\000\040\000L\000a\000s\000s\000o\000\040\000\050\000H\000A\000L\000\051\000\040\000A\000s\000s\000u\000m\000p\000t\000i\000o\000n\000s}{}% 2
\BOOKMARK [2][-]{subsection.2.1}{\376\377\000B\000a\000s\000i\000c\000\040\000C\000o\000n\000c\000e\000p\000t\000s}{section.2}% 3
\BOOKMARK [2][-]{subsection.2.2}{\376\377\000R\000e\000l\000a\000t\000i\000o\000n\000s\000h\000i\000p\000\040\000w\000i\000t\000h\000\040\000T\000V}{section.2}% 4
\BOOKMARK [3][-]{subsubsection.2.2.1}{\376\377\000A\000\040\000R\000e\000v\000i\000e\000w\000\040\000o\000f\000\040\000L\000o\000c\000a\000l\000l\000y\000\040\000A\000d\000a\000p\000t\000i\000v\000e\000\040\000R\000e\000g\000r\000e\000s\000s\000i\000o\000n\000\040\000S\000p\000l\000i\000n\000e\000s\000\040\000\050\000L\000A\000S\000\051}{subsection.2.2}% 5
\BOOKMARK [3][-]{subsubsection.2.2.2}{\376\377\000T\000h\000e\000\040\000M\000i\000s\000s\000i\000n\000g\000\040\000C\000\340\000d\000l\000\340\000g\000\040\000P\000e\000r\000s\000p\000e\000c\000t\000i\000v\000e}{subsection.2.2}% 6
\BOOKMARK [3][-]{subsubsection.2.2.3}{\376\377\000C\000o\000n\000c\000l\000u\000s\000i\000o\000n}{subsection.2.2}% 7
\BOOKMARK [1][-]{section.3}{\376\377\000H\000A\000L\000\040\000D\000e\000n\000s\000i\000t\000y\000\040\000E\000s\000t\000i\000m\000a\000t\000i\000o\000n}{}% 8
\BOOKMARK [2][-]{subsection.3.1}{\376\377\000H\000A\000L\000\040\000C\000o\000n\000s\000t\000r\000u\000c\000t\000i\000o\000n}{section.3}% 9
\BOOKMARK [2][-]{subsection.3.2}{\376\377\000H\000A\000L\000-\000M\000L\000E\000\040\000w\000i\000t\000h\000\040\000L\000i\000n\000k\000\040\000F\000u\000n\000c\000t\000i\000o\000n}{section.3}% 10
\BOOKMARK [3][-]{subsubsection.3.2.1}{\376\377\000C\000o\000m\000p\000a\000r\000i\000s\000o\000n\000\040\000w\000i\000t\000h\000\040\000N\000P\000M\000L\000E}{subsection.3.2}% 11
\BOOKMARK [3][-]{subsubsection.3.2.2}{\376\377\000U\000n\000i\000f\000o\000r\000m\000\040\000G\000r\000i\000d\000\040\000v\000s\000\040\000D\000a\000t\000a\000\040\000A\000d\000a\000p\000t\000i\000v\000e\000\040\000G\000r\000i\000d}{subsection.3.2}% 12
\BOOKMARK [1][-]{section.4}{\376\377\000T\000h\000e\000o\000r\000e\000t\000i\000c\000a\000l\000\040\000P\000r\000o\000p\000e\000r\000t\000i\000e\000s\000\040\000f\000o\000r\000\040\000H\000A\000L\000-\000M\000L\000E}{}% 13
\BOOKMARK [2][-]{subsection.4.1}{\376\377\000R\000a\000t\000e\000\040\000o\000f\000\040\000C\000o\000n\000v\000e\000r\000g\000e\000n\000c\000e\000\040\000o\000f\000\040\000H\000A\000L\000-\000M\000L\000E\000\040\000i\000n\000\040\000L\000o\000s\000s\000-\000b\000a\000s\000e\000d\000\040\000D\000i\000s\000s\000i\000m\000i\000l\000a\000r\000i\000t\000y}{section.4}% 14
\BOOKMARK [2][-]{subsection.4.2}{\376\377\000P\000o\000i\000n\000t\000w\000i\000s\000e\000\040\000A\000s\000y\000m\000p\000t\000o\000t\000i\000c\000\040\000N\000o\000r\000m\000a\000l\000i\000t\000y\000\040\000o\000f\000\040\000t\000h\000e\000\040\000H\000A\000L\000-\000M\000L\000E}{section.4}% 15
\BOOKMARK [2][-]{subsection.4.3}{\376\377\000U\000n\000i\000f\000o\000r\000m\000\040\000C\000o\000n\000v\000e\000r\000g\000e\000n\000c\000e\000\040\000f\000o\000r\000\040\000H\000A\000L\000-\000M\000L\000E}{section.4}% 16
\BOOKMARK [2][-]{subsection.4.4}{\376\377\000G\000e\000n\000e\000r\000a\000l\000i\000z\000a\000b\000i\000l\000i\000t\000y\000\040\000o\000f\000\040\000t\000h\000e\000\040\000P\000r\000o\000o\000f\000s}{section.4}% 17
\BOOKMARK [2][-]{subsection.4.5}{\376\377\000V\000a\000r\000i\000a\000n\000c\000e\000\040\000E\000s\000t\000i\000m\000a\000t\000i\000o\000n\000\040\000f\000o\000r\000\040\000D\000e\000n\000s\000i\000t\000y}{section.4}% 18
\BOOKMARK [3][-]{subsubsection.4.5.1}{\376\377\000C\000o\000v\000a\000r\000i\000a\000n\000c\000e\000\040\000E\000s\000t\000i\000m\000a\000t\000i\000o\000n\000\040\000f\000o\000r\000\040\000b\000e\000t\000a\000\137\000n}{subsection.4.5}% 19
\BOOKMARK [1][-]{section.5}{\376\377\000H\000A\000L\000-\000M\000L\000E\000\040\000f\000o\000r\000\040\000P\000a\000t\000h\000w\000i\000s\000e\000\040\000D\000i\000f\000f\000e\000r\000e\000n\000t\000i\000a\000b\000l\000e\000\040\000S\000t\000a\000t\000i\000s\000t\000i\000c\000a\000l\000\040\000E\000s\000t\000i\000m\000a\000n\000d\000s}{}% 20
\BOOKMARK [2][-]{subsection.5.1}{\376\377\000"\000N\000a\000i\000v\000e\000"\000\040\000A\000p\000p\000r\000o\000a\000c\000h\000:\000\040\000P\000l\000u\000g\000-\000i\000n}{section.5}% 21
\BOOKMARK [2][-]{subsection.5.2}{\376\377\000H\000A\000L\000-\000T\000M\000L\000E}{section.5}% 22
\BOOKMARK [2][-]{subsection.5.3}{\376\377\000T\000h\000e\000o\000r\000e\000t\000i\000c\000a\000l\000\040\000P\000r\000o\000p\000e\000r\000t\000y\000\040\000a\000n\000d\000\040\000V\000a\000r\000i\000a\000n\000c\000e\000\040\000E\000s\000t\000i\000m\000a\000t\000i\000o\000n}{section.5}% 23
\BOOKMARK [1][-]{section.6}{\376\377\000S\000i\000m\000u\000l\000a\000t\000i\000o\000n}{}% 24
\BOOKMARK [2][-]{subsection.6.1}{\376\377\000D\000G\000P\000s}{section.6}% 25
\BOOKMARK [2][-]{subsection.6.2}{\376\377\000H\000A\000L\000-\000M\000L\000E\000\040\000d\000e\000n\000s\000i\000t\000y\000\040\000e\000s\000t\000i\000m\000a\000t\000i\000o\000n}{section.6}% 26
\BOOKMARK [3][-]{subsubsection.6.2.1}{\376\377\000U\000n\000i\000f\000o\000r\000m\000\040\000c\000o\000n\000v\000e\000r\000g\000e\000n\000c\000e}{subsection.6.2}% 27
\BOOKMARK [3][-]{subsubsection.6.2.2}{\376\377\000P\000o\000i\000n\000t\000w\000i\000s\000e\000\040\000A\000s\000y\000m\000p\000t\000o\000t\000i\000c\000\040\000N\000o\000r\000m\000a\000l\000i\000t\000y\000:\000\040\000p\000o\000i\000n\000t\000w\000i\000s\000e\000\040\000S\000E\000,\000\040\000C\000I\000\040\000w\000i\000d\000t\000h\000,\000\040\000a\000n\000d\000\040\000c\000o\000v\000e\000r\000a\000g\000e}{subsection.6.2}% 28
\BOOKMARK [3][-]{subsubsection.6.2.3}{\376\377\000A\000s\000y\000m\000p\000t\000o\000t\000i\000c\000\040\000e\000f\000f\000i\000c\000i\000e\000n\000c\000y}{subsection.6.2}% 29
\BOOKMARK [2][-]{subsection.6.3}{\376\377\000E\000I\000C\040\023\000b\000a\000s\000e\000d\000\040\000v\000a\000r\000i\000a\000n\000c\000e\000\040\000e\000s\000t\000i\000m\000a\000t\000i\000o\000n\000\040\000f\000o\000r\000\040\000s\000t\000a\000t\000i\000s\000t\000i\000c\000a\000l\000\040\000e\000s\000t\000i\000m\000a\000n\000d\000s}{section.6}% 30
\BOOKMARK [2][-]{subsection.6.4}{\376\377\000C\000o\000m\000p\000a\000r\000i\000s\000o\000n\000\040\000w\000i\000t\000h\000\040\000E\000x\000i\000s\000t\000i\000n\000g\000\040\000M\000e\000t\000h\000o\000d\000s}{section.6}% 31
\BOOKMARK [3][-]{subsubsection.6.4.1}{\376\377\000H\000y\000p\000e\000r\000p\000a\000r\000a\000m\000e\000t\000e\000r\000\040\000s\000e\000l\000e\000c\000t\000i\000o\000n}{subsection.6.4}% 32
\BOOKMARK [1][-]{section.7}{\376\377\000C\000a\000s\000e\000\040\000S\000t\000u\000d\000y}{}% 33
\BOOKMARK [2][-]{subsection.7.1}{\376\377\000D\000a\000t\000a\000\040\000a\000n\000d\000\040\000p\000r\000e\000p\000r\000o\000c\000e\000s\000s\000i\000n\000g}{section.7}% 34
\BOOKMARK [2][-]{subsection.7.2}{\376\377\000D\000e\000n\000s\000i\000t\000y\000\040\000f\000i\000t\000\040\000a\000n\000d\000\040\000v\000a\000r\000i\000a\000n\000c\000e\000\040\000e\000s\000t\000i\000m\000a\000t\000i\000o\000n}{section.7}% 35
\BOOKMARK [2][-]{subsection.7.3}{\376\377\000P\000l\000u\000g\000-\000i\000n\000\040\000H\000A\000L\000-\000M\000L\000E\000\040\000v\000e\000r\000s\000u\000s\000\040\000H\000A\000L\000-\000T\000M\000L\000E}{section.7}% 36
\BOOKMARK [1][-]{section.8}{\376\377\000D\000i\000s\000c\000u\000s\000s\000i\000o\000n}{}% 37
\BOOKMARK [1][-]{section*.2}{\376\377\000A\000c\000k\000n\000o\000w\000l\000e\000d\000g\000m\000e\000n\000t\000s}{}% 38
\BOOKMARK [1][-]{section*.4}{\376\377\000S\000u\000p\000p\000l\000e\000m\000e\000n\000t\000a\000r\000y\000\040\000M\000a\000t\000e\000r\000i\000a\000l}{}% 39
\BOOKMARK [1][-]{section*.6}{\376\377\000R\000e\000f\000e\000r\000e\000n\000c\000e\000s}{}% 40
