\BOOKMARK [1][-]{section.1}{\376\377\000N\000o\000t\000a\000t\000i\000o\000n\000,\000\040\000D\000e\000f\000i\000n\000i\000t\000i\000o\000n\000,\000\040\000a\000n\000d\000\040\000R\000e\000p\000r\000e\000s\000e\000n\000t\000a\000t\000i\000o\000n}{}% 1
\BOOKMARK [2][-]{subsection.1.1}{\376\377\000N\000o\000t\000a\000t\000i\000o\000n}{section.1}% 2
\BOOKMARK [3][-]{paragraph.1.1.0.1}{\376\377\000A\000c\000r\000o\000n\000y\000m}{subsection.1.1}% 3
\BOOKMARK [4][-]{paragraph.1.1.0.2}{\376\377\000M\000a\000t\000h\000e\000m\000a\000t\000i\000c\000a\000l\000\040\000N\000o\000t\000a\000t\000i\000o\000n}{paragraph.1.1.0.1}% 4
\BOOKMARK [4][-]{paragraph.1.1.0.3}{\376\377\000D\000e\000f\000i\000n\000i\000t\000i\000o\000n}{paragraph.1.1.0.1}% 5
\BOOKMARK [2][-]{subsection.1.2}{\376\377\000R\000e\000p\000r\000e\000s\000e\000n\000t\000a\000t\000i\000o\000n\000\040\000T\000h\000e\000o\000r\000e\000m}{section.1}% 6
\BOOKMARK [1][-]{section.2}{\376\377\000L\0002\000\040\000C\000o\000n\000v\000e\000r\000g\000e\000n\000c\000e\000\040\000A\000n\000a\000l\000y\000s\000i\000s}{}% 7
\BOOKMARK [2][-]{subsection.2.1}{\376\377\000P\000r\000o\000o\000f\000\040\000o\000f\000\040\000T\000h\000e\000o\000r\000e\000m\000\040\0004\000.\0003}{section.2}% 8
\BOOKMARK [1][-]{section.3}{\376\377\000S\000c\000o\000r\000e\000\040\000E\000q\000u\000a\000t\000i\000o\000n\000\040\000A\000n\000a\000l\000y\000s\000i\000s\000\040\000f\000o\000r\000\040\000H\000A\000L\000-\000M\000L\000E}{}% 9
\BOOKMARK [1][-]{section.4}{\376\377\000P\000r\000o\000o\000f\000\040\000o\000f\000\040\000P\000o\000i\000n\000t\000w\000i\000s\000e\000\040\000A\000s\000y\000m\000p\000t\000o\000t\000i\000c\000\040\000N\000o\000r\000m\000a\000l\000i\000t\000y}{}% 10
\BOOKMARK [2][-]{subsection.4.1}{\376\377\000O\000u\000t\000l\000i\000n\000e}{section.4}% 11
\BOOKMARK [2][-]{subsection.4.2}{\376\377\000P\000r\000o\000o\000f\000\040\000o\000f\000\040\000C\000o\000r\000o\000l\000l\000a\000r\000y\000\040\0004\000.\0007}{section.4}% 12
\BOOKMARK [1][-]{section.5}{\376\377\000P\000r\000o\000o\000f\000\040\000o\000f\000\040\000U\000n\000i\000f\000o\000r\000m\000\040\000C\000o\000n\000v\000e\000r\000g\000e\000n\000c\000e}{}% 13
\BOOKMARK [1][-]{section.6}{\376\377\000P\000r\000o\000o\000f\000\040\000o\000f\000\040\000A\000s\000y\000m\000p\000t\000o\000t\000i\000c\000\040\000E\000f\000f\000i\000c\000i\000e\000n\000c\000y}{}% 14
\BOOKMARK [2][-]{subsection.6.1}{\376\377\000P\000r\000o\000o\000f\000\040\000o\000f\000\040\000T\000h\000e\000o\000r\000e\000m\000\040\0005\000.\0001}{section.6}% 15
\BOOKMARK [3][-]{paragraph.6.1.0.1}{\376\377\000B\000o\000u\000n\000d\000i\000n\000g\000\040\000t\000h\000e\000\040\000F\000i\000r\000s\000t\000\040\000E\000m\000p\000i\000r\000i\000c\000a\000l\000\040\000P\000r\000o\000c\000e\000s\000s\000\040\000T\000e\000r\000m}{subsection.6.1}% 16
\BOOKMARK [4][-]{paragraph.6.1.0.2}{\376\377\000B\000o\000u\000n\000d\000i\000n\000g\000\040\000t\000h\000e\000\040\000S\000e\000c\000o\000n\000d\000\040\000T\000e\000r\000m}{paragraph.6.1.0.1}% 17
\BOOKMARK [2][-]{subsection.6.2}{\376\377\000P\000r\000o\000o\000f\000\040\000o\000f\000\040\000T\000h\000e\000o\000r\000e\000m\000\040\0005\000.\0002}{section.6}% 18
\BOOKMARK [2][-]{subsection.6.3}{\376\377\000V\000e\000r\000i\000f\000i\000c\000a\000t\000i\000o\000n\000\040\000o\000f\000\040\000t\000h\000e\000\040\000A\000s\000s\000u\000m\000p\000t\000i\000o\000n\000s\000\040\000f\000o\000r\000\040\000M\000e\000d\000i\000a\000n}{section.6}% 19
\BOOKMARK [3][-]{paragraph.6.3.0.1}{\376\377\000V\000e\000r\000i\000f\000i\000c\000a\000t\000i\000o\000n\000\040\000o\000f\000\040\000t\000h\000e\000\040\000S\000e\000c\000o\000n\000d\000\040\000A\000s\000s\000u\000m\000p\000t\000i\000o\000n}{subsection.6.3}% 20
\BOOKMARK [4][-]{paragraph.6.3.0.2}{\376\377\000V\000e\000r\000i\000f\000i\000c\000a\000t\000i\000o\000n\000\040\000o\000f\000\040\000t\000h\000e\000\040\000T\000h\000i\000r\000d\000\040\000A\000s\000s\000u\000m\000p\000t\000i\000o\000n}{paragraph.6.3.0.1}% 21
\BOOKMARK [2][-]{subsection.6.4}{\376\377\000P\000r\000o\000o\000f\000\040\000o\000f\000\040\000T\000h\000e\000o\000r\000e\000m\000\040\0005\000.\0003}{section.6}% 22
\BOOKMARK [1][-]{section.7}{\376\377\000S\000i\000m\000u\000l\000a\000t\000i\000o\000n\000\040\000D\000a\000t\000a\000\040\000G\000e\000n\000e\000r\000a\000t\000i\000n\000g\000\040\000P\000r\000o\000c\000e\000s\000s\000\040\000S\000e\000t\000u\000p}{}% 23
\BOOKMARK [2][-]{subsection.7.1}{\376\377\000D\000a\000t\000a\000\040\000G\000e\000n\000e\000r\000a\000t\000i\000n\000g\000\040\000P\000r\000o\000c\000e\000s\000s\000\040\000f\000o\000r\000\040\000S\000e\000c\000t\000i\000o\000n\000\040\0006}{section.7}% 24
\BOOKMARK [3][-]{subsubsection.7.1.1}{\376\377\000D\000G\000P\000\040\000D\000e\000f\000i\000n\000i\000t\000i\000o\000n\000s\000\040\000a\000n\000d\000\040\000P\000a\000r\000a\000m\000e\000t\000e\000r\000s}{subsection.7.1}% 25
\BOOKMARK [4][-]{paragraph.7.1.1.1}{\376\377\0001\000.\000\040\000T\000r\000u\000n\000c\000a\000t\000e\000d\000\040\000N\000o\000r\000m\000a\000l\000\040\000D\000i\000s\000t\000r\000i\000b\000u\000t\000i\000o\000n}{subsubsection.7.1.1}% 26
\BOOKMARK [4][-]{paragraph.7.1.1.2}{\376\377\0002\000.\000\040\000S\000i\000n\000u\000s\000o\000i\000d\000a\000l\000\040\000D\000i\000s\000t\000r\000i\000b\000u\000t\000i\000o\000n}{subsubsection.7.1.1}% 27
\BOOKMARK [4][-]{paragraph.7.1.1.3}{\376\377\0003\000.\000\040\000T\000r\000u\000n\000c\000a\000t\000e\000d\000\040\000G\000M\000M\000\040\000S\000y\000m\000m\000e\000t\000r\000i\000c\000\040\000T\000h\000r\000e\000e\000\040\000C\000o\000m\000p\000o\000n\000e\000n\000t\000s}{subsubsection.7.1.1}% 28
\BOOKMARK [4][-]{paragraph.7.1.1.4}{\376\377\0004\000.\000\040\000T\000r\000u\000n\000c\000a\000t\000e\000d\000\040\000G\000M\000M\000\040\000F\000i\000v\000e\000\040\000S\000p\000i\000k\000e\000s}{subsubsection.7.1.1}% 29
\BOOKMARK [4][-]{paragraph.7.1.1.5}{\376\377\0005\000.\000\040\000T\000r\000u\000n\000c\000a\000t\000e\000d\000\040\000G\000M\000M\000\040\000A\000s\000y\000m\000m\000e\000t\000r\000i\000c\000\040\000T\000h\000r\000e\000e\000\040\000C\000o\000m\000p\000o\000n\000e\000n\000t\000s}{subsubsection.7.1.1}% 30
\BOOKMARK [4][-]{paragraph.7.1.1.6}{\376\377\0006\000.\000\040\000S\000t\000e\000p\000\040\000F\000u\000n\000c\000t\000i\000o\000n\000\040\000D\000i\000s\000t\000r\000i\000b\000u\000t\000i\000o\000n}{subsubsection.7.1.1}% 31
\BOOKMARK [3][-]{subsubsection.7.1.2}{\376\377\000P\000o\000p\000u\000l\000a\000t\000i\000o\000n\000\040\000P\000a\000r\000a\000m\000e\000t\000e\000r\000s}{subsection.7.1}% 32
\BOOKMARK [2][-]{subsection.7.2}{\376\377\000R\000a\000n\000d\000o\000m\000\040\000S\000e\000e\000d\000\040\000G\000e\000n\000e\000r\000a\000t\000i\000o\000n}{section.7}% 33
\BOOKMARK [2][-]{subsection.7.3}{\376\377\000C\000o\000n\000f\000i\000g\000u\000r\000a\000t\000i\000o\000n\000\040\000o\000f\000\040\000C\000r\000o\000s\000s\000-\000V\000a\000l\000i\000d\000a\000t\000i\000o\000n\000\040\000w\000i\000t\000h\000\040\000O\000p\000t\000u\000n\000a}{section.7}% 34
\BOOKMARK [1][-]{section.8}{\376\377\000T\000r\000e\000n\000d\000\040\000F\000i\000l\000t\000e\000r\000i\000n\000g\000\040\000w\000i\000t\000h\000\040\000a\000\040\000S\000p\000e\000c\000i\000a\000l\000i\000z\000e\000d\000\040\000A\000D\000M\000M\000\040\000A\000l\000g\000o\000r\000i\000t\000h\000m\000\040\000f\000o\000r\000\040\000D\000e\000n\000s\000i\000t\000y\000\040\000E\000s\000t\000i\000m\000a\000t\000i\000o\000n}{}% 35
\BOOKMARK [2][-]{subsection.8.1}{\376\377\000P\000r\000o\000b\000l\000e\000m\000\040\000F\000o\000r\000m\000u\000l\000a\000t\000i\000o\000n}{section.8}% 36
\BOOKMARK [3][-]{subsubsection.8.1.1}{\376\377\000U\000n\000i\000f\000o\000r\000m\000\040\000G\000r\000i\000d\000\040\000C\000o\000n\000s\000t\000r\000u\000c\000t\000i\000o\000n}{subsection.8.1}% 37
\BOOKMARK [3][-]{subsubsection.8.1.2}{\376\377\000L\000i\000k\000e\000l\000i\000h\000o\000o\000d\000\040\000C\000o\000n\000s\000t\000r\000u\000c\000t\000i\000o\000n\000\040\000a\000n\000d\000\040\000R\000e\000p\000a\000r\000a\000m\000e\000t\000e\000r\000i\000z\000a\000t\000i\000o\000n}{subsection.8.1}% 38
\BOOKMARK [3][-]{subsubsection.8.1.3}{\376\377\000T\000o\000t\000a\000l\000\040\000V\000a\000r\000i\000a\000t\000i\000o\000n\000\040\000P\000e\000n\000a\000l\000t\000y}{subsection.8.1}% 39
\BOOKMARK [2][-]{subsection.8.2}{\376\377\000A\000D\000M\000M\000\040\000A\000l\000g\000o\000r\000i\000t\000h\000m}{section.8}% 40
\BOOKMARK [3][-]{subsubsection.8.2.1}{\376\377\000A\000u\000g\000m\000e\000n\000t\000e\000d\000\040\000L\000a\000g\000r\000a\000n\000g\000i\000a\000n}{subsection.8.2}% 41
\BOOKMARK [3][-]{subsubsection.8.2.2}{\376\377\000A\000D\000M\000M\000\040\000I\000t\000e\000r\000a\000t\000i\000o\000n\000s}{subsection.8.2}% 42
\BOOKMARK [4][-]{paragraph.8.2.2.1}{\376\377\000-\000s\000t\000e\000p\000\040\000\050\000N\000o\000n\000-\000s\000m\000o\000o\000t\000h\000\040\000O\000p\000t\000i\000m\000i\000z\000a\000t\000i\000o\000n\000\051\000:}{subsubsection.8.2.2}% 43
\BOOKMARK [4][-]{paragraph.8.2.2.2}{\376\377\000-\000s\000t\000e\000p\000\040\000\050\000F\000u\000s\000e\000d\000\040\000L\000a\000s\000s\000o\000\051\000:}{subsubsection.8.2.2}% 44
\BOOKMARK [4][-]{paragraph.8.2.2.3}{\376\377\000D\000u\000a\000l\000\040\000U\000p\000d\000a\000t\000e\000:}{subsubsection.8.2.2}% 45
\BOOKMARK [3][-]{subsubsection.8.2.3}{\376\377\000C\000o\000n\000v\000e\000r\000g\000e\000n\000c\000e\000\040\000C\000r\000i\000t\000e\000r\000i\000a}{subsection.8.2}% 46
\BOOKMARK [2][-]{subsection.8.3}{\376\377\000T\000F\000P\000P}{section.8}% 47
\BOOKMARK [1][-]{section.9}{\376\377\000A\000d\000d\000i\000t\000i\000o\000n\000a\000l\000\040\000S\000i\000m\000u\000l\000a\000t\000i\000o\000n\000\040\000R\000e\000s\000u\000l\000t\000s}{}% 48
\BOOKMARK [2][-]{paragraph.9.0.0.1}{\376\377\000C\000o\000n\000t\000e\000n\000t\000s\000\040\000o\000f\000\040\000t\000h\000i\000s\000\040\000a\000p\000p\000e\000n\000d\000i\000x}{section.9}% 49
\BOOKMARK [2][-]{subsection.9.1}{\376\377\000P\000o\000i\000n\000t\000w\000i\000s\000e\000\040\000A\000s\000y\000m\000p\000t\000o\000t\000i\000c\000\040\000n\000o\000r\000m\000a\000l\000i\000t\000y\000\040\000a\000n\000d\000\040\000v\000a\000r\000i\000a\000n\000c\000e\000\040\000e\000s\000t\000i\000m\000a\000t\000i\000o\000n}{section.9}% 50
\BOOKMARK [2][-]{subsection.9.2}{\376\377\000A\000s\000y\000m\000p\000t\000o\000t\000i\000c\000\040\000e\000f\000f\000i\000c\000i\000e\000n\000c\000y}{section.9}% 51
\BOOKMARK [2][-]{subsection.9.3}{\376\377\000E\000I\000C\040\023\000b\000a\000s\000e\000d\000\040\000v\000a\000r\000i\000a\000n\000c\000e\000\040\000e\000s\000t\000i\000m\000a\000t\000i\000o\000n\000\040\000f\000o\000r\000\040\000s\000t\000a\000t\000i\000s\000t\000i\000c\000a\000l\000\040\000e\000s\000t\000i\000m\000a\000n\000d\000s}{section.9}% 52
\BOOKMARK [1][-]{section.10}{\376\377\000O\000p\000t\000i\000m\000i\000z\000a\000t\000i\000o\000n\000\040\000A\000l\000g\000o\000r\000i\000t\000h\000m\000\040\000P\000e\000r\000f\000o\000r\000m\000a\000n\000c\000e\000\040\000A\000n\000a\000l\000y\000s\000i\000s}{}% 53
\BOOKMARK [2][-]{subsection.10.1}{\376\377\000O\000p\000t\000i\000m\000i\000z\000a\000t\000i\000o\000n\000\040\000A\000l\000g\000o\000r\000i\000t\000h\000m}{section.10}% 54
\BOOKMARK [3][-]{subsubsection.10.1.1}{\376\377\000C\000a\000n\000d\000i\000d\000a\000t\000e\000\040\000A\000l\000g\000o\000r\000i\000t\000h\000m\000s}{subsection.10.1}% 55
\BOOKMARK [4][-]{paragraph.10.1.1.1}{\376\377\000S\000t\000a\000n\000d\000a\000r\000d\000\040\000A\000l\000g\000o\000r\000i\000t\000h\000m}{subsubsection.10.1.1}% 56
\BOOKMARK [4][-]{paragraph.10.1.1.2}{\376\377\000L\000a\000r\000g\000e\000-\000s\000c\000a\000l\000e\000\040\000A\000d\000j\000u\000s\000t\000m\000e\000n\000t}{subsubsection.10.1.1}% 57
\BOOKMARK [3][-]{subsubsection.10.1.2}{\376\377\000E\000x\000p\000l\000o\000r\000a\000t\000i\000o\000n\000\040\000o\000f\000\040\000O\000p\000t\000i\000m\000i\000z\000a\000t\000i\000o\000n\000\040\000A\000l\000g\000o\000r\000i\000t\000h\000m\000s}{subsection.10.1}% 58
\BOOKMARK [2][-]{subsection.10.2}{\376\377\000N\000o\000t\000a\000t\000i\000o\000n\000\040\000a\000n\000d\000\040\000s\000e\000t\000u\000p}{section.10}% 59
\BOOKMARK [2][-]{subsection.10.3}{\376\377\000P\000e\000r\000-\000i\000t\000e\000r\000a\000t\000i\000o\000n\000\040\000F\000L\000O\000P\000\040\000d\000e\000r\000i\000v\000a\000t\000i\000o\000n\000s}{section.10}% 60
\BOOKMARK [3][-]{paragraph.10.3.0.1}{\376\377\000F\000I\000S\000T\000A}{subsection.10.3}% 61
\BOOKMARK [4][-]{paragraph.10.3.0.2}{\376\377\000P\000r\000o\000x\000i\000m\000a\000l\000\040\000A\000d\000a\000G\000r\000a\000d}{paragraph.10.3.0.1}% 62
\BOOKMARK [4][-]{paragraph.10.3.0.3}{\376\377\000P\000r\000o\000x\000i\000m\000a\000l\000\040\000N\000e\000w\000t\000o\000n\000\040\000\050\000f\000u\000l\000l\000\051}{paragraph.10.3.0.1}% 63
\BOOKMARK [4][-]{paragraph.10.3.0.4}{\376\377\000P\000r\000o\000x\000i\000m\000a\000l\000\040\000N\000e\000w\000t\000o\000n\000\040\000L\000-\000B\000F\000G\000S}{paragraph.10.3.0.1}% 64
\BOOKMARK [2][-]{subsection.10.4}{\376\377\000F\000r\000o\000m\000\040\000i\000t\000e\000r\000a\000t\000i\000o\000n\000s\000\040\000t\000o\000\040\000c\000u\000m\000u\000l\000a\000t\000i\000v\000e\000\040\000F\000L\000O\000P\000s}{section.10}% 65
\BOOKMARK [1][-]{section*.5}{\376\377\000R\000e\000f\000e\000r\000e\000n\000c\000e\000s}{}% 66
